<?xml version="1.0" encoding="utf-8"?><testsuites name="pytest tests"><testsuite name="pytest" errors="0" failures="0" skipped="0" tests="15" time="8.600" timestamp="2026-09-18T15:29:45.386631+00:00" hostname="agent-env-8117917f-6d8d-4025-8ba5-a284e8562c91"><testcase classname="tests.backend_test.TestAuth" name="test_login_invalid" time="0.497" /><testcase classname="tests.backend_test.TestAuth" name="test_me_requires_auth" time="0.127" /><testcase classname="tests.backend_test.TestAuth" name="test_me_admin" time="0.520" /><testcase classname="tests.backend_test.TestRoleSeparation" name="test_worker_cannot_list_workers" time="0.919" /><testcase classname="tests.backend_test.TestRoleSeparation" name="test_worker_cannot_team_status" time="0.144" /><testcase classname="tests.backend_test.TestRoleSeparation" name="test_unauth_workers" time="0.181" /><testcase classname="tests.backend_test.TestWorkers" name="test_worker_appears_in_list" time="0.145" /><testcase classname="tests.backend_test.TestWorkers" name="test_duplicate_email_rejected" time="0.150" /><testcase classname="tests.backend_test.TestShifts" name="test_full_shift_flow_and_four_hour_rule" time="1.096" /><testcase classname="tests.backend_test.TestShifts" name="test_force_checkout_and_edit_hours" time="0.632" /><testcase classname="tests.backend_test.TestCron" name="test_forgotten_no_auth" time="0.144" /><testcase classname="tests.backend_test.TestCron" name="test_forgotten_wrong_auth" time="0.206" /><testcase classname="tests.backend_test.TestCron" name="test_forgotten_ok" time="0.158" /><testcase classname="tests.backend_test.TestCron" name="test_monthly_no_auth" time="0.123" /><testcase classname="tests.backend_test.TestCron" name="test_monthly_ok_and_logs" time="3.482" /></testsuite></testsuites>